Vivado Simulator 2016.4
Copyright 1986-1999, 2001-2016 Xilinx, Inc. All Rights Reserved.
Running: D:/Xilinx/Vivado/2016.4/bin/unwrapped/win64.o/xelab.exe -wto 437cfd194a384f10a8ffc7369e4869a2 --debug typical --relax --mt 2 -L xil_defaultlib -L secureip --snapshot CPU_SIM_behav xil_defaultlib.CPU_SIM -log elaborate.log 
Using 2 slave threads.
Starting static elaboration
Completed static elaboration
Starting simulation data flow analysis
Completed simulation data flow analysis
Time Resolution for simulation is 1ps
Compiling package std.standard
Compiling package std.textio
Compiling package ieee.std_logic_1164
Compiling package xil_defaultlib.types
Compiling package ieee.std_logic_textio
Compiling package ieee.numeric_std
Compiling package xil_defaultlib.utilityfunctions
Compiling package ieee.std_logic_arith
Compiling package ieee.std_logic_unsigned
Compiling architecture behavioral of entity xil_defaultlib.ALU [alu_default]
Compiling architecture behavioral of entity xil_defaultlib.programCounter [programcounter_default]
Compiling architecture behavioral of entity xil_defaultlib.RAM [ram_default]
Compiling architecture behavioral of entity xil_defaultlib.INSTRUCTION_DECODER [instruction_decoder_default]
Compiling architecture behavioral of entity xil_defaultlib.CPU [cpu_default]
Compiling architecture behavioral of entity xil_defaultlib.cpu_sim
Built simulation snapshot CPU_SIM_behav
