
*** Running vivado
    with args -log chip_8A_board.vds -m64 -mode batch -messageDb vivado.pb -notrace -source chip_8A_board.tcl


****** Vivado v2016.2 (64-bit)
  **** SW Build 1577090 on Thu Jun  2 16:32:40 MDT 2016
  **** IP Build 1577682 on Fri Jun  3 12:00:54 MDT 2016
    ** Copyright 1986-2016 Xilinx, Inc. All Rights Reserved.

source chip_8A_board.tcl -notrace
Command: synth_design -top chip_8A_board -part xc7a100tcsg324-1
Starting synth_design
Attempting to get a license for feature 'Synthesis' and/or device 'xc7a100t'
INFO: [Common 17-349] Got license for feature 'Synthesis' and/or device 'xc7a100t'
INFO: Launching helper process for spawning children vivado processes
INFO: Helper process launched with PID 7388 
---------------------------------------------------------------------------------
Starting RTL Elaboration : Time (s): cpu = 00:00:03 ; elapsed = 00:00:07 . Memory (MB): peak = 297.012 ; gain = 87.582
---------------------------------------------------------------------------------
INFO: [Synth 8-638] synthesizing module 'chip_8A_board' [H:/EECS_443_project/C8VHDL/Chip8_cur_BAK/chip8/chip8.srcs/sources_1/new/chip_8A_board.vhd:17]
INFO: [Synth 8-3491] module 'core' declared at 'H:/EECS_443_project/C8VHDL/Chip8_cur_BAK/chip8/chip8.srcs/sources_1/new/core.vhd:6' bound to instance 'my_core' of component 'core' [H:/EECS_443_project/C8VHDL/Chip8_cur_BAK/chip8/chip8.srcs/sources_1/new/chip_8A_board.vhd:128]
INFO: [Synth 8-638] synthesizing module 'core' [H:/EECS_443_project/C8VHDL/Chip8_cur_BAK/chip8/chip8.srcs/sources_1/new/core.vhd:21]
INFO: [Synth 8-226] default block is never used [H:/EECS_443_project/C8VHDL/Chip8_cur_BAK/chip8/chip8.srcs/sources_1/new/core.vhd:185]
INFO: [Synth 8-256] done synthesizing module 'core' (1#1) [H:/EECS_443_project/C8VHDL/Chip8_cur_BAK/chip8/chip8.srcs/sources_1/new/core.vhd:21]
WARNING: [Synth 8-5640] Port 'debug_read_data' is missing in component declaration [H:/EECS_443_project/C8VHDL/Chip8_cur_BAK/chip8/chip8.srcs/sources_1/new/chip_8A_board.vhd:33]
INFO: [Synth 8-3491] module 'mem_controller' declared at 'H:/EECS_443_project/C8VHDL/Chip8_cur_BAK/chip8/chip8.srcs/sources_1/new/mem_controller.vhd:6' bound to instance 'my_mem_controller' of component 'mem_controller' [H:/EECS_443_project/C8VHDL/Chip8_cur_BAK/chip8/chip8.srcs/sources_1/new/chip_8A_board.vhd:142]
INFO: [Synth 8-638] synthesizing module 'mem_controller' [H:/EECS_443_project/C8VHDL/Chip8_cur_BAK/chip8/chip8.srcs/sources_1/new/mem_controller.vhd:23]
INFO: [Synth 8-3491] module 'mem_mod' declared at 'H:/EECS_443_project/C8VHDL/Chip8_cur_BAK/chip8/chip8.srcs/sources_1/new/mem_mod.vhd:5' bound to instance 'MEM' of component 'mem_mod' [H:/EECS_443_project/C8VHDL/Chip8_cur_BAK/chip8/chip8.srcs/sources_1/new/mem_controller.vhd:67]
INFO: [Synth 8-638] synthesizing module 'mem_mod' [H:/EECS_443_project/C8VHDL/Chip8_cur_BAK/chip8/chip8.srcs/sources_1/new/mem_mod.vhd:13]
INFO: [Synth 8-256] done synthesizing module 'mem_mod' (2#1) [H:/EECS_443_project/C8VHDL/Chip8_cur_BAK/chip8/chip8.srcs/sources_1/new/mem_mod.vhd:13]
INFO: [Synth 8-3491] module 'game_rom' declared at 'H:/EECS_443_project/C8VHDL/Chip8_cur_BAK/chip8/chip8.srcs/sources_1/new/game_rom.vhd:5' bound to instance 'ROM' of component 'game_rom' [H:/EECS_443_project/C8VHDL/Chip8_cur_BAK/chip8/chip8.srcs/sources_1/new/mem_controller.vhd:74]
INFO: [Synth 8-638] synthesizing module 'game_rom' [H:/EECS_443_project/C8VHDL/Chip8_cur_BAK/chip8/chip8.srcs/sources_1/new/game_rom.vhd:13]
INFO: [Synth 8-256] done synthesizing module 'game_rom' (3#1) [H:/EECS_443_project/C8VHDL/Chip8_cur_BAK/chip8/chip8.srcs/sources_1/new/game_rom.vhd:13]
INFO: [Synth 8-256] done synthesizing module 'mem_controller' (4#1) [H:/EECS_443_project/C8VHDL/Chip8_cur_BAK/chip8/chip8.srcs/sources_1/new/mem_controller.vhd:23]
INFO: [Synth 8-3491] module 'time_keeper' declared at 'H:/EECS_443_project/C8VHDL/Chip8_cur_BAK/chip8/chip8.srcs/sources_1/new/time_keeper.vhd:5' bound to instance 'my_time_keeper' of component 'time_keeper' [H:/EECS_443_project/C8VHDL/Chip8_cur_BAK/chip8/chip8.srcs/sources_1/new/chip_8A_board.vhd:158]
INFO: [Synth 8-638] synthesizing module 'time_keeper' [H:/EECS_443_project/C8VHDL/Chip8_cur_BAK/chip8/chip8.srcs/sources_1/new/time_keeper.vhd:19]
INFO: [Synth 8-256] done synthesizing module 'time_keeper' (5#1) [H:/EECS_443_project/C8VHDL/Chip8_cur_BAK/chip8/chip8.srcs/sources_1/new/time_keeper.vhd:19]
INFO: [Synth 8-3491] module 'vga_controller' declared at 'H:/EECS_443_project/C8VHDL/Chip8_cur_BAK/chip8/chip8.srcs/sources_1/new/vga_controller.vhd:4' bound to instance 'my_vga_controller' of component 'vga_controller' [H:/EECS_443_project/C8VHDL/Chip8_cur_BAK/chip8/chip8.srcs/sources_1/new/chip_8A_board.vhd:171]
INFO: [Synth 8-638] synthesizing module 'vga_controller' [H:/EECS_443_project/C8VHDL/Chip8_cur_BAK/chip8/chip8.srcs/sources_1/new/vga_controller.vhd:16]
INFO: [Synth 8-256] done synthesizing module 'vga_controller' (6#1) [H:/EECS_443_project/C8VHDL/Chip8_cur_BAK/chip8/chip8.srcs/sources_1/new/vga_controller.vhd:16]
INFO: [Synth 8-256] done synthesizing module 'chip_8A_board' (7#1) [H:/EECS_443_project/C8VHDL/Chip8_cur_BAK/chip8/chip8.srcs/sources_1/new/chip_8A_board.vhd:17]
WARNING: [Synth 8-3331] design vga_controller has unconnected port memRead[7]
WARNING: [Synth 8-3331] design vga_controller has unconnected port memRead[6]
WARNING: [Synth 8-3331] design vga_controller has unconnected port memRead[5]
WARNING: [Synth 8-3331] design vga_controller has unconnected port memRead[4]
WARNING: [Synth 8-3331] design vga_controller has unconnected port memRead[3]
WARNING: [Synth 8-3331] design vga_controller has unconnected port memRead[2]
WARNING: [Synth 8-3331] design vga_controller has unconnected port memRead[1]
WARNING: [Synth 8-3331] design vga_controller has unconnected port memRead[0]
WARNING: [Synth 8-3331] design vga_controller has unconnected port mem_done
WARNING: [Synth 8-3331] design vga_controller has unconnected port clk
WARNING: [Synth 8-3331] design vga_controller has unconnected port reset
---------------------------------------------------------------------------------
Finished RTL Elaboration : Time (s): cpu = 00:00:05 ; elapsed = 00:00:12 . Memory (MB): peak = 382.262 ; gain = 172.832
---------------------------------------------------------------------------------

Report Check Netlist: 
+------+------------------+-------+---------+-------+------------------+
|      |Item              |Errors |Warnings |Status |Description       |
+------+------------------+-------+---------+-------+------------------+
|1     |multi_driven_nets |      0|        0|Passed |Multi driven nets |
+------+------------------+-------+---------+-------+------------------+
---------------------------------------------------------------------------------
Finished RTL Optimization Phase 1 : Time (s): cpu = 00:00:06 ; elapsed = 00:00:16 . Memory (MB): peak = 382.262 ; gain = 172.832
---------------------------------------------------------------------------------
INFO: [Device 21-403] Loading part xc7a100tcsg324-1
INFO: [Project 1-570] Preparing netlist for logic optimization

Processing XDC Constraints
Initializing timing engine
Parsing XDC File [H:/EECS_443_project/C8VHDL/Chip8_cur_BAK/chip8/chip8.srcs/constrs_1/new/chip8_const.xdc]
Finished Parsing XDC File [H:/EECS_443_project/C8VHDL/Chip8_cur_BAK/chip8/chip8.srcs/constrs_1/new/chip8_const.xdc]
INFO: [Project 1-236] Implementation specific constraints were found while reading constraint file [H:/EECS_443_project/C8VHDL/Chip8_cur_BAK/chip8/chip8.srcs/constrs_1/new/chip8_const.xdc]. These constraints will be ignored for synthesis but will be used in implementation. Impacted constraints are listed in the file [.Xil/chip_8A_board_propImpl.xdc].
Resolution: To avoid this warning, move constraints listed in [.Xil/chip_8A_board_propImpl.xdc] to another XDC file and exclude this new file from synthesis with the used_in_synthesis property (File Properties dialog in GUI) and re-run elaboration/synthesis.
Completed Processing XDC Constraints

INFO: [Project 1-111] Unisim Transformation Summary:
No Unisim elements were transformed.

Constraint Validation Runtime : Time (s): cpu = 00:00:00 ; elapsed = 00:00:00.015 . Memory (MB): peak = 673.980 ; gain = 0.000
---------------------------------------------------------------------------------
Finished Constraint Validation : Time (s): cpu = 00:00:13 ; elapsed = 00:00:54 . Memory (MB): peak = 673.980 ; gain = 464.551
---------------------------------------------------------------------------------
---------------------------------------------------------------------------------
Start Loading Part and Timing Information
---------------------------------------------------------------------------------
Loading part: xc7a100tcsg324-1
---------------------------------------------------------------------------------
Finished Loading Part and Timing Information : Time (s): cpu = 00:00:13 ; elapsed = 00:00:54 . Memory (MB): peak = 673.980 ; gain = 464.551
---------------------------------------------------------------------------------
---------------------------------------------------------------------------------
Start Applying 'set_property' XDC Constraints
---------------------------------------------------------------------------------
---------------------------------------------------------------------------------
Finished applying 'set_property' XDC Constraints : Time (s): cpu = 00:00:13 ; elapsed = 00:00:55 . Memory (MB): peak = 673.980 ; gain = 464.551
---------------------------------------------------------------------------------
INFO: [Synth 8-5818] HDL ADVISOR - The operator resource <adder> is shared. To prevent sharing consider applying a KEEP on the output of the operator [H:/EECS_443_project/C8VHDL/Chip8_cur_BAK/chip8/chip8.srcs/sources_1/new/core.vhd:121]
INFO: [Synth 8-5818] HDL ADVISOR - The operator resource <adder> is shared. To prevent sharing consider applying a KEEP on the output of the operator [H:/EECS_443_project/C8VHDL/Chip8_cur_BAK/chip8/chip8.srcs/sources_1/new/core.vhd:121]
INFO: [Synth 8-5546] ROM "current_state" won't be mapped to RAM because it is too sparse
INFO: [Synth 8-5546] ROM "I" won't be mapped to RAM because it is too sparse
INFO: [Synth 8-5544] ROM "cpu_REG_reg[15]" won't be mapped to Block RAM because address size (4) smaller than threshold (5)
INFO: [Synth 8-5544] ROM "cpu_REG_reg[15]" won't be mapped to Block RAM because address size (4) smaller than threshold (5)
INFO: [Synth 8-5544] ROM "cpu_REG_reg[15]" won't be mapped to Block RAM because address size (4) smaller than threshold (5)
INFO: [Synth 8-5544] ROM "cpu_REG_reg[15]" won't be mapped to Block RAM because address size (4) smaller than threshold (5)
INFO: [Synth 8-5544] ROM "cpu_REG_reg[14]" won't be mapped to Block RAM because address size (4) smaller than threshold (5)
INFO: [Synth 8-5544] ROM "cpu_REG_reg[14]" won't be mapped to Block RAM because address size (4) smaller than threshold (5)
INFO: [Synth 8-5544] ROM "cpu_REG_reg[14]" won't be mapped to Block RAM because address size (4) smaller than threshold (5)
INFO: [Synth 8-5544] ROM "cpu_REG_reg[13]" won't be mapped to Block RAM because address size (4) smaller than threshold (5)
INFO: [Synth 8-5544] ROM "cpu_REG_reg[13]" won't be mapped to Block RAM because address size (4) smaller than threshold (5)
INFO: [Synth 8-5544] ROM "cpu_REG_reg[13]" won't be mapped to Block RAM because address size (4) smaller than threshold (5)
INFO: [Synth 8-5544] ROM "cpu_REG_reg[12]" won't be mapped to Block RAM because address size (4) smaller than threshold (5)
INFO: [Synth 8-5544] ROM "cpu_REG_reg[12]" won't be mapped to Block RAM because address size (4) smaller than threshold (5)
INFO: [Synth 8-5544] ROM "cpu_REG_reg[12]" won't be mapped to Block RAM because address size (4) smaller than threshold (5)
INFO: [Synth 8-5544] ROM "cpu_REG_reg[11]" won't be mapped to Block RAM because address size (4) smaller than threshold (5)
INFO: [Synth 8-5544] ROM "cpu_REG_reg[11]" won't be mapped to Block RAM because address size (4) smaller than threshold (5)
INFO: [Synth 8-5544] ROM "cpu_REG_reg[11]" won't be mapped to Block RAM because address size (4) smaller than threshold (5)
INFO: [Synth 8-5544] ROM "cpu_REG_reg[10]" won't be mapped to Block RAM because address size (4) smaller than threshold (5)
INFO: [Synth 8-5544] ROM "cpu_REG_reg[10]" won't be mapped to Block RAM because address size (4) smaller than threshold (5)
INFO: [Synth 8-5544] ROM "cpu_REG_reg[10]" won't be mapped to Block RAM because address size (4) smaller than threshold (5)
INFO: [Synth 8-5544] ROM "cpu_REG_reg[9]" won't be mapped to Block RAM because address size (4) smaller than threshold (5)
INFO: [Synth 8-5544] ROM "cpu_REG_reg[9]" won't be mapped to Block RAM because address size (4) smaller than threshold (5)
INFO: [Synth 8-5544] ROM "cpu_REG_reg[9]" won't be mapped to Block RAM because address size (4) smaller than threshold (5)
INFO: [Synth 8-5544] ROM "cpu_REG_reg[8]" won't be mapped to Block RAM because address size (4) smaller than threshold (5)
INFO: [Synth 8-5544] ROM "cpu_REG_reg[8]" won't be mapped to Block RAM because address size (4) smaller than threshold (5)
INFO: [Synth 8-5544] ROM "cpu_REG_reg[8]" won't be mapped to Block RAM because address size (4) smaller than threshold (5)
INFO: [Synth 8-5544] ROM "cpu_REG_reg[7]" won't be mapped to Block RAM because address size (4) smaller than threshold (5)
INFO: [Synth 8-5544] ROM "cpu_REG_reg[7]" won't be mapped to Block RAM because address size (4) smaller than threshold (5)
INFO: [Synth 8-5544] ROM "cpu_REG_reg[7]" won't be mapped to Block RAM because address size (4) smaller than threshold (5)
INFO: [Synth 8-5544] ROM "cpu_REG_reg[6]" won't be mapped to Block RAM because address size (4) smaller than threshold (5)
INFO: [Synth 8-5544] ROM "cpu_REG_reg[6]" won't be mapped to Block RAM because address size (4) smaller than threshold (5)
INFO: [Synth 8-5544] ROM "cpu_REG_reg[6]" won't be mapped to Block RAM because address size (4) smaller than threshold (5)
INFO: [Synth 8-5544] ROM "cpu_REG_reg[5]" won't be mapped to Block RAM because address size (4) smaller than threshold (5)
INFO: [Synth 8-5544] ROM "cpu_REG_reg[5]" won't be mapped to Block RAM because address size (4) smaller than threshold (5)
INFO: [Synth 8-5544] ROM "cpu_REG_reg[5]" won't be mapped to Block RAM because address size (4) smaller than threshold (5)
INFO: [Synth 8-5544] ROM "cpu_REG_reg[4]" won't be mapped to Block RAM because address size (4) smaller than threshold (5)
INFO: [Synth 8-5544] ROM "cpu_REG_reg[4]" won't be mapped to Block RAM because address size (4) smaller than threshold (5)
INFO: [Synth 8-5544] ROM "cpu_REG_reg[4]" won't be mapped to Block RAM because address size (4) smaller than threshold (5)
INFO: [Synth 8-5544] ROM "cpu_REG_reg[3]" won't be mapped to Block RAM because address size (4) smaller than threshold (5)
INFO: [Synth 8-5544] ROM "cpu_REG_reg[3]" won't be mapped to Block RAM because address size (4) smaller than threshold (5)
INFO: [Synth 8-5544] ROM "cpu_REG_reg[3]" won't be mapped to Block RAM because address size (4) smaller than threshold (5)
INFO: [Synth 8-5544] ROM "cpu_REG_reg[2]" won't be mapped to Block RAM because address size (4) smaller than threshold (5)
INFO: [Synth 8-5544] ROM "cpu_REG_reg[2]" won't be mapped to Block RAM because address size (4) smaller than threshold (5)
INFO: [Synth 8-5544] ROM "cpu_REG_reg[2]" won't be mapped to Block RAM because address size (4) smaller than threshold (5)
INFO: [Synth 8-5544] ROM "cpu_REG_reg[1]" won't be mapped to Block RAM because address size (4) smaller than threshold (5)
INFO: [Synth 8-5544] ROM "cpu_REG_reg[1]" won't be mapped to Block RAM because address size (4) smaller than threshold (5)
INFO: [Synth 8-5544] ROM "cpu_REG_reg[1]" won't be mapped to Block RAM because address size (4) smaller than threshold (5)
INFO: [Synth 8-5544] ROM "cpu_REG_reg[0]" won't be mapped to Block RAM because address size (4) smaller than threshold (5)
INFO: [Synth 8-5544] ROM "cpu_REG_reg[0]" won't be mapped to Block RAM because address size (4) smaller than threshold (5)
INFO: [Synth 8-5544] ROM "cpu_REG_reg[0]" won't be mapped to Block RAM because address size (4) smaller than threshold (5)
INFO: [Synth 8-5546] ROM "key_counter" won't be mapped to RAM because it is too sparse
INFO: [Synth 8-5546] ROM "hex_digits[15]" won't be mapped to RAM because it is too sparse
INFO: [Synth 8-5546] ROM "instruction_high" won't be mapped to RAM because it is too sparse
INFO: [Synth 8-5546] ROM "tmp_err_code" won't be mapped to RAM because it is too sparse
INFO: [Synth 8-5546] ROM "current_state" won't be mapped to RAM because it is too sparse
INFO: [Synth 8-5546] ROM "I" won't be mapped to RAM because it is too sparse
INFO: [Synth 8-5544] ROM "cpu_REG_reg[15]" won't be mapped to Block RAM because address size (4) smaller than threshold (5)
INFO: [Synth 8-5544] ROM "cpu_REG_reg[15]" won't be mapped to Block RAM because address size (4) smaller than threshold (5)
INFO: [Synth 8-5544] ROM "cpu_REG_reg[15]" won't be mapped to Block RAM because address size (4) smaller than threshold (5)
INFO: [Synth 8-5544] ROM "cpu_REG_reg[15]" won't be mapped to Block RAM because address size (4) smaller than threshold (5)
INFO: [Synth 8-5544] ROM "cpu_REG_reg[14]" won't be mapped to Block RAM because address size (4) smaller than threshold (5)
INFO: [Synth 8-5544] ROM "cpu_REG_reg[14]" won't be mapped to Block RAM because address size (4) smaller than threshold (5)
INFO: [Synth 8-5544] ROM "cpu_REG_reg[14]" won't be mapped to Block RAM because address size (4) smaller than threshold (5)
INFO: [Synth 8-5544] ROM "cpu_REG_reg[13]" won't be mapped to Block RAM because address size (4) smaller than threshold (5)
INFO: [Synth 8-5544] ROM "cpu_REG_reg[13]" won't be mapped to Block RAM because address size (4) smaller than threshold (5)
INFO: [Synth 8-5544] ROM "cpu_REG_reg[13]" won't be mapped to Block RAM because address size (4) smaller than threshold (5)
INFO: [Synth 8-5544] ROM "cpu_REG_reg[12]" won't be mapped to Block RAM because address size (4) smaller than threshold (5)
INFO: [Synth 8-5544] ROM "cpu_REG_reg[12]" won't be mapped to Block RAM because address size (4) smaller than threshold (5)
INFO: [Synth 8-5544] ROM "cpu_REG_reg[12]" won't be mapped to Block RAM because address size (4) smaller than threshold (5)
INFO: [Synth 8-5544] ROM "cpu_REG_reg[11]" won't be mapped to Block RAM because address size (4) smaller than threshold (5)
INFO: [Synth 8-5544] ROM "cpu_REG_reg[11]" won't be mapped to Block RAM because address size (4) smaller than threshold (5)
INFO: [Synth 8-5544] ROM "cpu_REG_reg[11]" won't be mapped to Block RAM because address size (4) smaller than threshold (5)
INFO: [Synth 8-5544] ROM "cpu_REG_reg[10]" won't be mapped to Block RAM because address size (4) smaller than threshold (5)
INFO: [Synth 8-5544] ROM "cpu_REG_reg[10]" won't be mapped to Block RAM because address size (4) smaller than threshold (5)
INFO: [Synth 8-5544] ROM "cpu_REG_reg[10]" won't be mapped to Block RAM because address size (4) smaller than threshold (5)
INFO: [Synth 8-5544] ROM "cpu_REG_reg[9]" won't be mapped to Block RAM because address size (4) smaller than threshold (5)
INFO: [Synth 8-5544] ROM "cpu_REG_reg[9]" won't be mapped to Block RAM because address size (4) smaller than threshold (5)
INFO: [Synth 8-5544] ROM "cpu_REG_reg[9]" won't be mapped to Block RAM because address size (4) smaller than threshold (5)
INFO: [Synth 8-5544] ROM "cpu_REG_reg[8]" won't be mapped to Block RAM because address size (4) smaller than threshold (5)
INFO: [Synth 8-5544] ROM "cpu_REG_reg[8]" won't be mapped to Block RAM because address size (4) smaller than threshold (5)
INFO: [Synth 8-5544] ROM "cpu_REG_reg[8]" won't be mapped to Block RAM because address size (4) smaller than threshold (5)
INFO: [Synth 8-5544] ROM "cpu_REG_reg[7]" won't be mapped to Block RAM because address size (4) smaller than threshold (5)
INFO: [Synth 8-5544] ROM "cpu_REG_reg[7]" won't be mapped to Block RAM because address size (4) smaller than threshold (5)
INFO: [Synth 8-5544] ROM "cpu_REG_reg[7]" won't be mapped to Block RAM because address size (4) smaller than threshold (5)
INFO: [Synth 8-5544] ROM "cpu_REG_reg[6]" won't be mapped to Block RAM because address size (4) smaller than threshold (5)
INFO: [Synth 8-5544] ROM "cpu_REG_reg[6]" won't be mapped to Block RAM because address size (4) smaller than threshold (5)
INFO: [Synth 8-5544] ROM "cpu_REG_reg[6]" won't be mapped to Block RAM because address size (4) smaller than threshold (5)
INFO: [Synth 8-5544] ROM "cpu_REG_reg[5]" won't be mapped to Block RAM because address size (4) smaller than threshold (5)
INFO: [Synth 8-5544] ROM "cpu_REG_reg[5]" won't be mapped to Block RAM because address size (4) smaller than threshold (5)
INFO: [Synth 8-5544] ROM "cpu_REG_reg[5]" won't be mapped to Block RAM because address size (4) smaller than threshold (5)
INFO: [Synth 8-5544] ROM "cpu_REG_reg[4]" won't be mapped to Block RAM because address size (4) smaller than threshold (5)
INFO: [Synth 8-5544] ROM "cpu_REG_reg[4]" won't be mapped to Block RAM because address size (4) smaller than threshold (5)
INFO: [Synth 8-5544] ROM "cpu_REG_reg[4]" won't be mapped to Block RAM because address size (4) smaller than threshold (5)
INFO: [Synth 8-5544] ROM "cpu_REG_reg[3]" won't be mapped to Block RAM because address size (4) smaller than threshold (5)
INFO: [Synth 8-5544] ROM "cpu_REG_reg[3]" won't be mapped to Block RAM because address size (4) smaller than threshold (5)
INFO: [Synth 8-5544] ROM "cpu_REG_reg[3]" won't be mapped to Block RAM because address size (4) smaller than threshold (5)
INFO: [Synth 8-5544] ROM "cpu_REG_reg[2]" won't be mapped to Block RAM because address size (4) smaller than threshold (5)
INFO: [Synth 8-5544] ROM "cpu_REG_reg[2]" won't be mapped to Block RAM because address size (4) smaller than threshold (5)
INFO: [Synth 8-5544] ROM "cpu_REG_reg[2]" won't be mapped to Block RAM because address size (4) smaller than threshold (5)
INFO: [Synth 8-5544] ROM "cpu_REG_reg[1]" won't be mapped to Block RAM because address size (4) smaller than threshold (5)
INFO: [Synth 8-5544] ROM "cpu_REG_reg[1]" won't be mapped to Block RAM because address size (4) smaller than threshold (5)
INFO: [Synth 8-5544] ROM "cpu_REG_reg[1]" won't be mapped to Block RAM because address size (4) smaller than threshold (5)
INFO: [Synth 8-5544] ROM "cpu_REG_reg[0]" won't be mapped to Block RAM because address size (4) smaller than threshold (5)
INFO: [Synth 8-5544] ROM "cpu_REG_reg[0]" won't be mapped to Block RAM because address size (4) smaller than threshold (5)
INFO: [Synth 8-5544] ROM "cpu_REG_reg[0]" won't be mapped to Block RAM because address size (4) smaller than threshold (5)
INFO: [Synth 8-5546] ROM "key_counter" won't be mapped to RAM because it is too sparse
INFO: [Synth 8-5546] ROM "hex_digits[15]" won't be mapped to RAM because it is too sparse
INFO: [Synth 8-5546] ROM "instruction_high" won't be mapped to RAM because it is too sparse
INFO: [Synth 8-5546] ROM "tmp_err_code" won't be mapped to RAM because it is too sparse
INFO: [Synth 8-5544] ROM "current_state" won't be mapped to Block RAM because address size (1) smaller than threshold (5)
INFO: [Synth 8-5546] ROM "cpu_STACK" won't be mapped to RAM because it is too sparse
INFO: [Synth 8-5546] ROM "graphic_offset" won't be mapped to RAM because it is too sparse
INFO: [Synth 8-5546] ROM "sprite_buffer" won't be mapped to RAM because it is too sparse
INFO: [Synth 8-5546] ROM "graphic_bufferA" won't be mapped to RAM because it is too sparse
INFO: [Synth 8-5546] ROM "graphic_bufferB" won't be mapped to RAM because it is too sparse
INFO: [Synth 8-5546] ROM "BCD_total" won't be mapped to RAM because it is too sparse
INFO: [Synth 8-5546] ROM "reg_copy_num" won't be mapped to RAM because it is too sparse
INFO: [Synth 8-5544] ROM "current_state" won't be mapped to Block RAM because address size (4) smaller than threshold (5)
INFO: [Common 17-14] Message 'Synth 8-5544' appears 100 times and further instances of the messages will be disabled. Use the Tcl command set_msg_config to change the current settings.
INFO: [Synth 8-4471] merging register 'debug_read_data_reg[7:0]' into 's_dataOut_reg[7:0]' [H:/EECS_443_project/C8VHDL/Chip8_cur_BAK/chip8/chip8.srcs/sources_1/new/mem_controller.vhd:223]
---------------------------------------------------------------------------------
Finished RTL Optimization Phase 2 : Time (s): cpu = 00:00:15 ; elapsed = 00:00:57 . Memory (MB): peak = 673.980 ; gain = 464.551
---------------------------------------------------------------------------------

Report RTL Partitions: 
+-+--------------+------------+----------+
| |RTL Partition |Replication |Instances |
+-+--------------+------------+----------+
+-+--------------+------------+----------+
---------------------------------------------------------------------------------
Start RTL Component Statistics 
---------------------------------------------------------------------------------
Detailed RTL Component Info : 
+---Adders : 
	   2 Input     24 Bit       Adders := 1     
	   2 Input     17 Bit       Adders := 2     
	   2 Input     12 Bit       Adders := 11    
	   2 Input      9 Bit       Adders := 2     
	   3 Input      8 Bit       Adders := 1     
	   2 Input      8 Bit       Adders := 8     
	   2 Input      7 Bit       Adders := 1     
	   2 Input      4 Bit       Adders := 4     
	   2 Input      3 Bit       Adders := 1     
+---XORs : 
	   2 Input      8 Bit         XORs := 16    
	   4 Input      1 Bit         XORs := 1     
+---Registers : 
	               24 Bit    Registers := 2     
	               17 Bit    Registers := 4     
	               16 Bit    Registers := 3     
	               13 Bit    Registers := 1     
	               12 Bit    Registers := 24    
	                9 Bit    Registers := 1     
	                8 Bit    Registers := 32    
	                7 Bit    Registers := 1     
	                6 Bit    Registers := 2     
	                5 Bit    Registers := 3     
	                4 Bit    Registers := 6     
	                3 Bit    Registers := 6     
	                1 Bit    Registers := 14    
+---RAMs : 
	             512K Bit         RAMs := 1     
	              64K Bit         RAMs := 1     
	              256 Bit         RAMs := 1     
+---Muxes : 
	   2 Input     24 Bit        Muxes := 6     
	  19 Input     24 Bit        Muxes := 2     
	   8 Input     24 Bit        Muxes := 1     
	  19 Input     17 Bit        Muxes := 2     
	   2 Input     17 Bit        Muxes := 2     
	   2 Input     16 Bit        Muxes := 2     
	  55 Input     12 Bit        Muxes := 4     
	  55 Input      9 Bit        Muxes := 1     
	  55 Input      8 Bit        Muxes := 6     
	   2 Input      8 Bit        Muxes := 12    
	  19 Input      8 Bit        Muxes := 1     
	  55 Input      6 Bit        Muxes := 2     
	   2 Input      6 Bit        Muxes := 2     
	   3 Input      6 Bit        Muxes := 1     
	  10 Input      6 Bit        Muxes := 1     
	  10 Input      5 Bit        Muxes := 1     
	  19 Input      5 Bit        Muxes := 3     
	   2 Input      5 Bit        Muxes := 1     
	  55 Input      4 Bit        Muxes := 3     
	   2 Input      4 Bit        Muxes := 3     
	  10 Input      4 Bit        Muxes := 1     
	   2 Input      3 Bit        Muxes := 4     
	  55 Input      3 Bit        Muxes := 1     
	  19 Input      3 Bit        Muxes := 2     
	  21 Input      3 Bit        Muxes := 1     
	   8 Input      3 Bit        Muxes := 2     
	  55 Input      2 Bit        Muxes := 3     
	   2 Input      2 Bit        Muxes := 2     
	  55 Input      1 Bit        Muxes := 46    
	  16 Input      1 Bit        Muxes := 6     
	   2 Input      1 Bit        Muxes := 58    
	   3 Input      1 Bit        Muxes := 3     
	  10 Input      1 Bit        Muxes := 2     
	  19 Input      1 Bit        Muxes := 20    
	   6 Input      1 Bit        Muxes := 1     
	   8 Input      1 Bit        Muxes := 10    
---------------------------------------------------------------------------------
Finished RTL Component Statistics 
---------------------------------------------------------------------------------
---------------------------------------------------------------------------------
Start RTL Hierarchical Component Statistics 
---------------------------------------------------------------------------------
Hierarchical RTL Component report 
Module core 
Detailed RTL Component Info : 
+---Adders : 
	   2 Input     12 Bit       Adders := 11    
	   2 Input      9 Bit       Adders := 2     
	   3 Input      8 Bit       Adders := 1     
	   2 Input      8 Bit       Adders := 7     
	   2 Input      4 Bit       Adders := 4     
	   2 Input      3 Bit       Adders := 1     
+---XORs : 
	   2 Input      8 Bit         XORs := 16    
	   4 Input      1 Bit         XORs := 1     
+---Registers : 
	               16 Bit    Registers := 2     
	               12 Bit    Registers := 23    
	                9 Bit    Registers := 1     
	                8 Bit    Registers := 26    
	                6 Bit    Registers := 2     
	                4 Bit    Registers := 5     
	                3 Bit    Registers := 2     
	                1 Bit    Registers := 4     
+---RAMs : 
	              256 Bit         RAMs := 1     
+---Muxes : 
	   2 Input     16 Bit        Muxes := 2     
	  55 Input     12 Bit        Muxes := 4     
	  55 Input      9 Bit        Muxes := 1     
	  55 Input      8 Bit        Muxes := 6     
	   2 Input      8 Bit        Muxes := 8     
	  55 Input      6 Bit        Muxes := 2     
	   2 Input      6 Bit        Muxes := 2     
	   3 Input      6 Bit        Muxes := 1     
	  10 Input      6 Bit        Muxes := 1     
	  10 Input      5 Bit        Muxes := 1     
	  55 Input      4 Bit        Muxes := 3     
	   2 Input      4 Bit        Muxes := 2     
	  10 Input      4 Bit        Muxes := 1     
	   2 Input      3 Bit        Muxes := 3     
	  55 Input      3 Bit        Muxes := 1     
	  55 Input      2 Bit        Muxes := 3     
	   2 Input      2 Bit        Muxes := 2     
	  55 Input      1 Bit        Muxes := 46    
	  16 Input      1 Bit        Muxes := 6     
	   2 Input      1 Bit        Muxes := 49    
	   3 Input      1 Bit        Muxes := 3     
	  10 Input      1 Bit        Muxes := 2     
Module mem_mod 
Detailed RTL Component Info : 
+---Registers : 
	               13 Bit    Registers := 1     
+---RAMs : 
	              64K Bit         RAMs := 1     
Module game_rom 
Detailed RTL Component Info : 
+---Registers : 
	               16 Bit    Registers := 1     
+---RAMs : 
	             512K Bit         RAMs := 1     
Module mem_controller 
Detailed RTL Component Info : 
+---Adders : 
	   2 Input     17 Bit       Adders := 2     
+---Registers : 
	               24 Bit    Registers := 1     
	               17 Bit    Registers := 4     
	                8 Bit    Registers := 4     
	                5 Bit    Registers := 3     
	                4 Bit    Registers := 1     
	                3 Bit    Registers := 2     
	                1 Bit    Registers := 6     
+---Muxes : 
	   2 Input     24 Bit        Muxes := 5     
	  19 Input     24 Bit        Muxes := 2     
	  19 Input     17 Bit        Muxes := 2     
	   2 Input     17 Bit        Muxes := 2     
	   2 Input      8 Bit        Muxes := 3     
	  19 Input      8 Bit        Muxes := 1     
	  19 Input      5 Bit        Muxes := 3     
	   2 Input      5 Bit        Muxes := 1     
	   2 Input      4 Bit        Muxes := 1     
	   2 Input      3 Bit        Muxes := 1     
	  19 Input      3 Bit        Muxes := 2     
	  21 Input      3 Bit        Muxes := 1     
	   2 Input      1 Bit        Muxes := 9     
	  19 Input      1 Bit        Muxes := 20    
	   6 Input      1 Bit        Muxes := 1     
Module time_keeper 
Detailed RTL Component Info : 
+---Adders : 
	   2 Input     24 Bit       Adders := 1     
	   2 Input      8 Bit       Adders := 1     
	   2 Input      7 Bit       Adders := 1     
+---Registers : 
	               24 Bit    Registers := 1     
	               12 Bit    Registers := 1     
	                8 Bit    Registers := 2     
	                7 Bit    Registers := 1     
	                3 Bit    Registers := 2     
	                1 Bit    Registers := 4     
+---Muxes : 
	   8 Input     24 Bit        Muxes := 1     
	   2 Input     24 Bit        Muxes := 1     
	   2 Input      8 Bit        Muxes := 1     
	   8 Input      3 Bit        Muxes := 2     
	   8 Input      1 Bit        Muxes := 10    
---------------------------------------------------------------------------------
Finished RTL Hierarchical Component Statistics
---------------------------------------------------------------------------------
---------------------------------------------------------------------------------
Start Part Resource Summary
---------------------------------------------------------------------------------
Part Resources:
DSPs: 240 (col length:80)
BRAMs: 270 (col length: RAMB18 80 RAMB36 40)
---------------------------------------------------------------------------------
Finished Part Resource Summary
---------------------------------------------------------------------------------
Start Parallel Synthesis Optimization  : Time (s): cpu = 00:00:15 ; elapsed = 00:00:57 . Memory (MB): peak = 673.980 ; gain = 464.551
---------------------------------------------------------------------------------
Start Cross Boundary Optimization
---------------------------------------------------------------------------------
INFO: [Synth 8-5587] ROM size for "current_state" is below threshold of ROM address width. It will be mapped to LUTs
INFO: [Synth 8-5546] ROM "tmp_err_code" won't be mapped to RAM because it is too sparse
---------------------------------------------------------------------------------
Finished Cross Boundary Optimization : Time (s): cpu = 00:00:16 ; elapsed = 00:00:58 . Memory (MB): peak = 673.980 ; gain = 464.551
---------------------------------------------------------------------------------
Finished Parallel Reinference  : Time (s): cpu = 00:00:16 ; elapsed = 00:00:58 . Memory (MB): peak = 673.980 ; gain = 464.551

Report RTL Partitions: 
+-+--------------+------------+----------+
| |RTL Partition |Replication |Instances |
+-+--------------+------------+----------+
+-+--------------+------------+----------+
---------------------------------------------------------------------------------
Start ROM, RAM, DSP and Shift Register Reporting
---------------------------------------------------------------------------------

ROM:
+---------------+------------+---------------+----------------+
|Module Name    | RTL Object | Depth x Width | Implemented As | 
+---------------+------------+---------------+----------------+
|core           | cpu_state  | 64x6          | LUT            | 
|mem_controller | mem_state  | 32x8          | LUT            | 
|core           | cpu_state  | 64x6          | LUT            | 
+---------------+------------+---------------+----------------+


Block RAM: Preliminary Mapping  Report (see note below)
+------------+-------------+------------------------+---+---+------------------------+---+---+------------------+--------+--------+
|Module Name | RTL Object  | PORT A (Depth x Width) | W | R | PORT B (Depth x Width) | W | R | Ports driving FF | RAMB18 | RAMB36 | 
+------------+-------------+------------------------+---+---+------------------------+---+---+------------------+--------+--------+
|mem_mod     | sys_RAM_reg | 8 K x 8(WRITE_FIRST)   | W | R |                        |   |   | Port A           | 0      | 2      | 
|game_rom    | sys_RAM_reg | 64 K x 8(WRITE_FIRST)  | W | R |                        |   |   | Port A           | 0      | 16     | 
+------------+-------------+------------------------+---+---+------------------------+---+---+------------------+--------+--------+

Note: The table above is a preliminary report that shows the Block RAMs at the current stage of the synthesis flow. Some Block RAMs may be reimplemented as non Block RAM primitives later in the synthesis flow. Multiple instantiated Block RAMs are reported only once. 

Distributed RAM: Preliminary Mapping  Report (see note below)
+------------+---------------+-----------+----------------------+--------------+
|Module Name | RTL Object    | Inference | Size (Depth x Width) | Primitives   | 
+------------+---------------+-----------+----------------------+--------------+
|core        | cpu_STACK_reg | Implied   | 16 x 12              | RAM32M x 3   | 
+------------+---------------+-----------+----------------------+--------------+

Note: The table above is a preliminary report that shows the Distributed RAMs at the current stage of the synthesis flow. Some Distributed RAMs may be reimplemented as non Distributed RAM primitives later in the synthesis flow. Multiple instantiated RAMs are reported only once.
---------------------------------------------------------------------------------
Finished ROM, RAM, DSP and Shift Register Reporting
---------------------------------------------------------------------------------
---------------------------------------------------------------------------------
Start Area Optimization
---------------------------------------------------------------------------------
INFO: [Synth 8-3886] merging instance 'my_core/hex_digits_reg[15][11]' (FDE) to 'my_core/hex_digits_reg[0][0]'
INFO: [Synth 8-3886] merging instance 'my_core/hex_digits_reg[14][11]' (FDE) to 'my_core/hex_digits_reg[0][0]'
INFO: [Synth 8-3886] merging instance 'my_core/hex_digits_reg[13][11]' (FDE) to 'my_core/hex_digits_reg[0][0]'
INFO: [Synth 8-3886] merging instance 'my_core/hex_digits_reg[12][11]' (FDE) to 'my_core/hex_digits_reg[0][0]'
INFO: [Synth 8-3886] merging instance 'my_core/hex_digits_reg[11][11]' (FDE) to 'my_core/hex_digits_reg[0][0]'
INFO: [Synth 8-3886] merging instance 'my_core/hex_digits_reg[10][11]' (FDE) to 'my_core/hex_digits_reg[0][0]'
INFO: [Synth 8-3886] merging instance 'my_core/hex_digits_reg[9][11]' (FDE) to 'my_core/hex_digits_reg[0][0]'
INFO: [Synth 8-3886] merging instance 'my_core/hex_digits_reg[8][11]' (FDE) to 'my_core/hex_digits_reg[0][0]'
INFO: [Synth 8-3886] merging instance 'my_core/hex_digits_reg[7][11]' (FDE) to 'my_core/hex_digits_reg[0][0]'
INFO: [Synth 8-3886] merging instance 'my_core/hex_digits_reg[6][11]' (FDE) to 'my_core/hex_digits_reg[0][0]'
INFO: [Synth 8-3886] merging instance 'my_core/hex_digits_reg[5][11]' (FDE) to 'my_core/hex_digits_reg[0][0]'
INFO: [Synth 8-3886] merging instance 'my_core/hex_digits_reg[4][11]' (FDE) to 'my_core/hex_digits_reg[0][0]'
INFO: [Synth 8-3886] merging instance 'my_core/hex_digits_reg[3][11]' (FDE) to 'my_core/hex_digits_reg[0][0]'
INFO: [Synth 8-3886] merging instance 'my_core/hex_digits_reg[2][11]' (FDE) to 'my_core/hex_digits_reg[0][0]'
INFO: [Synth 8-3886] merging instance 'my_core/hex_digits_reg[1][11]' (FDE) to 'my_core/hex_digits_reg[0][0]'
INFO: [Synth 8-3886] merging instance 'my_core/hex_digits_reg[0][11]' (FDE) to 'my_core/hex_digits_reg[0][0]'
INFO: [Synth 8-3886] merging instance 'my_core/hex_digits_reg[15][9]' (FDE) to 'my_core/hex_digits_reg[0][0]'
INFO: [Synth 8-3886] merging instance 'my_core/hex_digits_reg[14][9]' (FDE) to 'my_core/hex_digits_reg[0][0]'
INFO: [Synth 8-3886] merging instance 'my_core/hex_digits_reg[13][9]' (FDE) to 'my_core/hex_digits_reg[0][0]'
INFO: [Synth 8-3886] merging instance 'my_core/hex_digits_reg[12][9]' (FDE) to 'my_core/hex_digits_reg[0][0]'
INFO: [Synth 8-3886] merging instance 'my_core/hex_digits_reg[11][9]' (FDE) to 'my_core/hex_digits_reg[0][0]'
INFO: [Synth 8-3886] merging instance 'my_core/hex_digits_reg[10][9]' (FDE) to 'my_core/hex_digits_reg[0][0]'
INFO: [Synth 8-3886] merging instance 'my_core/hex_digits_reg[9][9]' (FDE) to 'my_core/hex_digits_reg[0][0]'
INFO: [Synth 8-3886] merging instance 'my_core/hex_digits_reg[8][9]' (FDE) to 'my_core/hex_digits_reg[0][0]'
INFO: [Synth 8-3886] merging instance 'my_core/hex_digits_reg[7][9]' (FDE) to 'my_core/hex_digits_reg[0][0]'
INFO: [Synth 8-3886] merging instance 'my_core/hex_digits_reg[6][9]' (FDE) to 'my_core/hex_digits_reg[0][0]'
INFO: [Synth 8-3886] merging instance 'my_core/hex_digits_reg[5][9]' (FDE) to 'my_core/hex_digits_reg[0][0]'
INFO: [Synth 8-3886] merging instance 'my_core/hex_digits_reg[4][9]' (FDE) to 'my_core/hex_digits_reg[0][0]'
INFO: [Synth 8-3886] merging instance 'my_core/hex_digits_reg[3][9]' (FDE) to 'my_core/hex_digits_reg[0][0]'
INFO: [Synth 8-3886] merging instance 'my_core/hex_digits_reg[2][9]' (FDE) to 'my_core/hex_digits_reg[0][0]'
INFO: [Synth 8-3886] merging instance 'my_core/hex_digits_reg[1][9]' (FDE) to 'my_core/hex_digits_reg[0][0]'
INFO: [Synth 8-3886] merging instance 'my_core/hex_digits_reg[0][9]' (FDE) to 'my_core/hex_digits_reg[0][0]'
INFO: [Synth 8-3886] merging instance 'my_core/hex_digits_reg[15][10]' (FDE) to 'my_core/hex_digits_reg[0][0]'
INFO: [Synth 8-3886] merging instance 'my_core/hex_digits_reg[14][10]' (FDE) to 'my_core/hex_digits_reg[0][0]'
INFO: [Synth 8-3886] merging instance 'my_core/hex_digits_reg[13][10]' (FDE) to 'my_core/hex_digits_reg[0][0]'
INFO: [Synth 8-3886] merging instance 'my_core/hex_digits_reg[12][10]' (FDE) to 'my_core/hex_digits_reg[0][0]'
INFO: [Synth 8-3886] merging instance 'my_core/hex_digits_reg[11][10]' (FDE) to 'my_core/hex_digits_reg[0][0]'
INFO: [Synth 8-3886] merging instance 'my_core/hex_digits_reg[10][10]' (FDE) to 'my_core/hex_digits_reg[0][0]'
INFO: [Synth 8-3886] merging instance 'my_core/hex_digits_reg[9][10]' (FDE) to 'my_core/hex_digits_reg[0][0]'
INFO: [Synth 8-3886] merging instance 'my_core/hex_digits_reg[8][10]' (FDE) to 'my_core/hex_digits_reg[0][0]'
INFO: [Synth 8-3886] merging instance 'my_core/hex_digits_reg[7][10]' (FDE) to 'my_core/hex_digits_reg[0][0]'
INFO: [Synth 8-3886] merging instance 'my_core/hex_digits_reg[6][10]' (FDE) to 'my_core/hex_digits_reg[0][0]'
INFO: [Synth 8-3886] merging instance 'my_core/hex_digits_reg[5][10]' (FDE) to 'my_core/hex_digits_reg[0][0]'
INFO: [Synth 8-3886] merging instance 'my_core/hex_digits_reg[4][10]' (FDE) to 'my_core/hex_digits_reg[0][0]'
INFO: [Synth 8-3886] merging instance 'my_core/hex_digits_reg[3][10]' (FDE) to 'my_core/hex_digits_reg[0][0]'
INFO: [Synth 8-3886] merging instance 'my_core/hex_digits_reg[2][10]' (FDE) to 'my_core/hex_digits_reg[0][0]'
INFO: [Synth 8-3886] merging instance 'my_core/hex_digits_reg[1][10]' (FDE) to 'my_core/hex_digits_reg[0][0]'
INFO: [Synth 8-3886] merging instance 'my_core/hex_digits_reg[0][10]' (FDE) to 'my_core/hex_digits_reg[0][0]'
INFO: [Synth 8-3886] merging instance 'my_core/hex_digits_reg[15][8]' (FDE) to 'my_core/hex_digits_reg[0][0]'
INFO: [Synth 8-3886] merging instance 'my_core/hex_digits_reg[14][8]' (FDE) to 'my_core/hex_digits_reg[0][0]'
INFO: [Synth 8-3886] merging instance 'my_core/hex_digits_reg[13][8]' (FDE) to 'my_core/hex_digits_reg[0][0]'
INFO: [Synth 8-3886] merging instance 'my_core/hex_digits_reg[12][8]' (FDE) to 'my_core/hex_digits_reg[0][0]'
INFO: [Synth 8-3886] merging instance 'my_core/hex_digits_reg[11][8]' (FDE) to 'my_core/hex_digits_reg[0][0]'
INFO: [Synth 8-3886] merging instance 'my_core/hex_digits_reg[10][8]' (FDE) to 'my_core/hex_digits_reg[0][0]'
INFO: [Synth 8-3886] merging instance 'my_core/hex_digits_reg[9][8]' (FDE) to 'my_core/hex_digits_reg[0][0]'
INFO: [Synth 8-3886] merging instance 'my_core/hex_digits_reg[8][8]' (FDE) to 'my_core/hex_digits_reg[0][0]'
INFO: [Synth 8-3886] merging instance 'my_core/hex_digits_reg[7][8]' (FDE) to 'my_core/hex_digits_reg[0][0]'
INFO: [Synth 8-3886] merging instance 'my_core/hex_digits_reg[6][8]' (FDE) to 'my_core/hex_digits_reg[0][0]'
INFO: [Synth 8-3886] merging instance 'my_core/hex_digits_reg[5][8]' (FDE) to 'my_core/hex_digits_reg[0][0]'
INFO: [Synth 8-3886] merging instance 'my_core/hex_digits_reg[4][8]' (FDE) to 'my_core/hex_digits_reg[0][0]'
INFO: [Synth 8-3886] merging instance 'my_core/hex_digits_reg[3][8]' (FDE) to 'my_core/hex_digits_reg[0][0]'
INFO: [Synth 8-3886] merging instance 'my_core/hex_digits_reg[2][8]' (FDE) to 'my_core/hex_digits_reg[0][0]'
INFO: [Synth 8-3886] merging instance 'my_core/hex_digits_reg[1][8]' (FDE) to 'my_core/hex_digits_reg[0][0]'
INFO: [Synth 8-3886] merging instance 'my_core/hex_digits_reg[0][8]' (FDE) to 'my_core/hex_digits_reg[0][0]'
INFO: [Synth 8-3886] merging instance 'my_core/hex_digits_reg[15][7]' (FDE) to 'my_core/hex_digits_reg[0][0]'
INFO: [Synth 8-3886] merging instance 'my_core/hex_digits_reg[14][7]' (FDE) to 'my_core/hex_digits_reg[0][0]'
INFO: [Synth 8-3886] merging instance 'my_core/hex_digits_reg[13][7]' (FDE) to 'my_core/hex_digits_reg[0][0]'
INFO: [Synth 8-3886] merging instance 'my_core/hex_digits_reg[12][7]' (FDE) to 'my_core/hex_digits_reg[0][0]'
INFO: [Synth 8-3886] merging instance 'my_core/hex_digits_reg[11][7]' (FDE) to 'my_core/hex_digits_reg[0][0]'
INFO: [Synth 8-3886] merging instance 'my_core/hex_digits_reg[10][7]' (FDE) to 'my_core/hex_digits_reg[0][0]'
INFO: [Synth 8-3886] merging instance 'my_core/hex_digits_reg[9][7]' (FDE) to 'my_core/hex_digits_reg[0][0]'
INFO: [Synth 8-3886] merging instance 'my_core/hex_digits_reg[8][7]' (FDE) to 'my_core/hex_digits_reg[0][0]'
INFO: [Synth 8-3886] merging instance 'my_core/hex_digits_reg[7][7]' (FDE) to 'my_core/hex_digits_reg[0][0]'
INFO: [Synth 8-3886] merging instance 'my_core/hex_digits_reg[6][7]' (FDE) to 'my_core/hex_digits_reg[0][0]'
INFO: [Synth 8-3886] merging instance 'my_core/hex_digits_reg[5][7]' (FDE) to 'my_core/hex_digits_reg[0][0]'
INFO: [Synth 8-3886] merging instance 'my_core/hex_digits_reg[4][7]' (FDE) to 'my_core/hex_digits_reg[0][0]'
INFO: [Synth 8-3886] merging instance 'my_core/hex_digits_reg[3][7]' (FDE) to 'my_core/hex_digits_reg[0][0]'
INFO: [Synth 8-3886] merging instance 'my_core/hex_digits_reg[2][7]' (FDE) to 'my_core/hex_digits_reg[0][0]'
INFO: [Synth 8-3886] merging instance 'my_core/hex_digits_reg[1][7]' (FDE) to 'my_core/hex_digits_reg[0][0]'
INFO: [Synth 8-3886] merging instance 'my_core/hex_digits_reg[0][7]' (FDE) to 'my_core/hex_digits_reg[0][0]'
INFO: [Synth 8-3886] merging instance 'my_core/hex_digits_reg[15][6]' (FDE) to 'my_core/hex_digits_reg[0][1]'
INFO: [Synth 8-3886] merging instance 'my_core/hex_digits_reg[14][6]' (FDE) to 'my_core/hex_digits_reg[0][1]'
INFO: [Synth 8-3886] merging instance 'my_core/hex_digits_reg[13][6]' (FDE) to 'my_core/hex_digits_reg[0][1]'
INFO: [Synth 8-3886] merging instance 'my_core/hex_digits_reg[12][6]' (FDE) to 'my_core/hex_digits_reg[0][0]'
INFO: [Synth 8-3886] merging instance 'my_core/hex_digits_reg[11][6]' (FDE) to 'my_core/hex_digits_reg[0][0]'
INFO: [Synth 8-3886] merging instance 'my_core/hex_digits_reg[10][6]' (FDE) to 'my_core/hex_digits_reg[0][0]'
INFO: [Synth 8-3886] merging instance 'my_core/hex_digits_reg[9][6]' (FDE) to 'my_core/hex_digits_reg[0][0]'
INFO: [Synth 8-3886] merging instance 'my_core/hex_digits_reg[8][6]' (FDE) to 'my_core/hex_digits_reg[0][0]'
INFO: [Synth 8-3886] merging instance 'my_core/hex_digits_reg[7][6]' (FDE) to 'my_core/hex_digits_reg[0][0]'
INFO: [Synth 8-3886] merging instance 'my_core/hex_digits_reg[6][6]' (FDE) to 'my_core/hex_digits_reg[0][0]'
INFO: [Synth 8-3886] merging instance 'my_core/hex_digits_reg[5][6]' (FDE) to 'my_core/hex_digits_reg[0][0]'
INFO: [Synth 8-3886] merging instance 'my_core/hex_digits_reg[4][6]' (FDE) to 'my_core/hex_digits_reg[0][0]'
INFO: [Synth 8-3886] merging instance 'my_core/hex_digits_reg[3][6]' (FDE) to 'my_core/hex_digits_reg[0][0]'
INFO: [Synth 8-3886] merging instance 'my_core/hex_digits_reg[2][6]' (FDE) to 'my_core/hex_digits_reg[0][0]'
INFO: [Synth 8-3886] merging instance 'my_core/hex_digits_reg[1][6]' (FDE) to 'my_core/hex_digits_reg[0][0]'
INFO: [Synth 8-3886] merging instance 'my_core/hex_digits_reg[0][6]' (FDE) to 'my_core/hex_digits_reg[0][0]'
INFO: [Synth 8-3886] merging instance 'my_core/hex_digits_reg[15][5]' (FDE) to 'my_core/hex_digits_reg[0][0]'
INFO: [Synth 8-3886] merging instance 'my_core/hex_digits_reg[14][5]' (FDE) to 'my_core/hex_digits_reg[0][0]'
INFO: [Synth 8-3886] merging instance 'my_core/hex_digits_reg[13][5]' (FDE) to 'my_core/hex_digits_reg[0][0]'
INFO: [Synth 8-3886] merging instance 'my_core/hex_digits_reg[12][5]' (FDE) to 'my_core/hex_digits_reg[0][1]'
INFO: [Common 17-14] Message 'Synth 8-3886' appears 100 times and further instances of the messages will be disabled. Use the Tcl command set_msg_config to change the current settings.
INFO: [Synth 8-3333] propagating constant 1 across sequential element (my_core/\hex_digits_reg[1][0] )
INFO: [Synth 8-3333] propagating constant 0 across sequential element (my_core/\hex_digits_reg[0][0] )
INFO: [Synth 8-3333] propagating constant 1 across sequential element (\my_mem_controller/copy_end_reg[8] )
INFO: [Synth 8-3333] propagating constant 0 across sequential element (\my_mem_controller/copy_return_reg[0] )
INFO: [Synth 8-3333] propagating constant 0 across sequential element (\my_time_keeper/memAddress_reg[1] )
INFO: [Synth 8-3333] propagating constant 0 across sequential element (my_core/mem_hold_reg)
INFO: [Synth 8-3333] propagating constant 0 across sequential element (\my_mem_controller/owner_reg[0] )
INFO: [Synth 8-3333] propagating constant 0 across sequential element (my_core/\tmp_err_code_reg[2] )
INFO: [Synth 8-3333] propagating constant 0 across sequential element (\my_mem_controller/memReturn_reg[4] )
WARNING: [Synth 8-3332] Sequential element (mem_hold_reg) is unused and will be removed from module core.
WARNING: [Synth 8-3332] Sequential element (cpu_state_reg[7]) is unused and will be removed from module core.
WARNING: [Synth 8-3332] Sequential element (cpu_state_reg[6]) is unused and will be removed from module core.
WARNING: [Synth 8-3332] Sequential element (cpu_state_reg[5]) is unused and will be removed from module core.
WARNING: [Synth 8-3332] Sequential element (cpu_state_reg[4]) is unused and will be removed from module core.
WARNING: [Synth 8-3332] Sequential element (cpu_state_reg[3]) is unused and will be removed from module core.
WARNING: [Synth 8-3332] Sequential element (cpu_state_reg[2]) is unused and will be removed from module core.
WARNING: [Synth 8-3332] Sequential element (cpu_state_reg[1]) is unused and will be removed from module core.
WARNING: [Synth 8-3332] Sequential element (cpu_state_reg[0]) is unused and will be removed from module core.
WARNING: [Synth 8-3332] Sequential element (tmp_err_code_reg[2]) is unused and will be removed from module core.
WARNING: [Synth 8-3332] Sequential element (hex_digits_reg[0][0]) is unused and will be removed from module core.
WARNING: [Synth 8-3332] Sequential element (hex_digits_reg[15][11]) is unused and will be removed from module core.
WARNING: [Synth 8-3332] Sequential element (hex_digits_reg[14][11]) is unused and will be removed from module core.
WARNING: [Synth 8-3332] Sequential element (hex_digits_reg[13][11]) is unused and will be removed from module core.
WARNING: [Synth 8-3332] Sequential element (hex_digits_reg[12][11]) is unused and will be removed from module core.
WARNING: [Synth 8-3332] Sequential element (hex_digits_reg[11][11]) is unused and will be removed from module core.
WARNING: [Synth 8-3332] Sequential element (hex_digits_reg[10][11]) is unused and will be removed from module core.
WARNING: [Synth 8-3332] Sequential element (hex_digits_reg[9][11]) is unused and will be removed from module core.
WARNING: [Synth 8-3332] Sequential element (hex_digits_reg[8][11]) is unused and will be removed from module core.
WARNING: [Synth 8-3332] Sequential element (hex_digits_reg[7][11]) is unused and will be removed from module core.
WARNING: [Synth 8-3332] Sequential element (hex_digits_reg[6][11]) is unused and will be removed from module core.
WARNING: [Synth 8-3332] Sequential element (hex_digits_reg[5][11]) is unused and will be removed from module core.
WARNING: [Synth 8-3332] Sequential element (hex_digits_reg[4][11]) is unused and will be removed from module core.
WARNING: [Synth 8-3332] Sequential element (hex_digits_reg[3][11]) is unused and will be removed from module core.
WARNING: [Synth 8-3332] Sequential element (hex_digits_reg[2][11]) is unused and will be removed from module core.
WARNING: [Synth 8-3332] Sequential element (hex_digits_reg[1][11]) is unused and will be removed from module core.
WARNING: [Synth 8-3332] Sequential element (hex_digits_reg[0][11]) is unused and will be removed from module core.
WARNING: [Synth 8-3332] Sequential element (hex_digits_reg[15][9]) is unused and will be removed from module core.
WARNING: [Synth 8-3332] Sequential element (hex_digits_reg[14][9]) is unused and will be removed from module core.
WARNING: [Synth 8-3332] Sequential element (hex_digits_reg[13][9]) is unused and will be removed from module core.
WARNING: [Synth 8-3332] Sequential element (hex_digits_reg[12][9]) is unused and will be removed from module core.
WARNING: [Synth 8-3332] Sequential element (hex_digits_reg[11][9]) is unused and will be removed from module core.
WARNING: [Synth 8-3332] Sequential element (hex_digits_reg[10][9]) is unused and will be removed from module core.
WARNING: [Synth 8-3332] Sequential element (hex_digits_reg[9][9]) is unused and will be removed from module core.
WARNING: [Synth 8-3332] Sequential element (hex_digits_reg[8][9]) is unused and will be removed from module core.
WARNING: [Synth 8-3332] Sequential element (hex_digits_reg[7][9]) is unused and will be removed from module core.
WARNING: [Synth 8-3332] Sequential element (hex_digits_reg[6][9]) is unused and will be removed from module core.
WARNING: [Synth 8-3332] Sequential element (hex_digits_reg[5][9]) is unused and will be removed from module core.
WARNING: [Synth 8-3332] Sequential element (hex_digits_reg[4][9]) is unused and will be removed from module core.
WARNING: [Synth 8-3332] Sequential element (hex_digits_reg[3][9]) is unused and will be removed from module core.
WARNING: [Synth 8-3332] Sequential element (hex_digits_reg[2][9]) is unused and will be removed from module core.
WARNING: [Synth 8-3332] Sequential element (hex_digits_reg[1][9]) is unused and will be removed from module core.
WARNING: [Synth 8-3332] Sequential element (hex_digits_reg[0][9]) is unused and will be removed from module core.
WARNING: [Synth 8-3332] Sequential element (hex_digits_reg[15][10]) is unused and will be removed from module core.
WARNING: [Synth 8-3332] Sequential element (hex_digits_reg[14][10]) is unused and will be removed from module core.
WARNING: [Synth 8-3332] Sequential element (hex_digits_reg[13][10]) is unused and will be removed from module core.
WARNING: [Synth 8-3332] Sequential element (hex_digits_reg[12][10]) is unused and will be removed from module core.
WARNING: [Synth 8-3332] Sequential element (hex_digits_reg[11][10]) is unused and will be removed from module core.
WARNING: [Synth 8-3332] Sequential element (hex_digits_reg[10][10]) is unused and will be removed from module core.
WARNING: [Synth 8-3332] Sequential element (hex_digits_reg[9][10]) is unused and will be removed from module core.
WARNING: [Synth 8-3332] Sequential element (hex_digits_reg[8][10]) is unused and will be removed from module core.
WARNING: [Synth 8-3332] Sequential element (hex_digits_reg[7][10]) is unused and will be removed from module core.
WARNING: [Synth 8-3332] Sequential element (hex_digits_reg[6][10]) is unused and will be removed from module core.
WARNING: [Synth 8-3332] Sequential element (hex_digits_reg[5][10]) is unused and will be removed from module core.
WARNING: [Synth 8-3332] Sequential element (hex_digits_reg[4][10]) is unused and will be removed from module core.
WARNING: [Synth 8-3332] Sequential element (hex_digits_reg[3][10]) is unused and will be removed from module core.
WARNING: [Synth 8-3332] Sequential element (hex_digits_reg[2][10]) is unused and will be removed from module core.
WARNING: [Synth 8-3332] Sequential element (hex_digits_reg[1][10]) is unused and will be removed from module core.
WARNING: [Synth 8-3332] Sequential element (hex_digits_reg[0][10]) is unused and will be removed from module core.
WARNING: [Synth 8-3332] Sequential element (hex_digits_reg[15][8]) is unused and will be removed from module core.
WARNING: [Synth 8-3332] Sequential element (hex_digits_reg[14][8]) is unused and will be removed from module core.
WARNING: [Synth 8-3332] Sequential element (hex_digits_reg[13][8]) is unused and will be removed from module core.
WARNING: [Synth 8-3332] Sequential element (hex_digits_reg[12][8]) is unused and will be removed from module core.
WARNING: [Synth 8-3332] Sequential element (hex_digits_reg[11][8]) is unused and will be removed from module core.
WARNING: [Synth 8-3332] Sequential element (hex_digits_reg[10][8]) is unused and will be removed from module core.
WARNING: [Synth 8-3332] Sequential element (hex_digits_reg[9][8]) is unused and will be removed from module core.
WARNING: [Synth 8-3332] Sequential element (hex_digits_reg[8][8]) is unused and will be removed from module core.
WARNING: [Synth 8-3332] Sequential element (hex_digits_reg[7][8]) is unused and will be removed from module core.
WARNING: [Synth 8-3332] Sequential element (hex_digits_reg[6][8]) is unused and will be removed from module core.
WARNING: [Synth 8-3332] Sequential element (hex_digits_reg[5][8]) is unused and will be removed from module core.
WARNING: [Synth 8-3332] Sequential element (hex_digits_reg[4][8]) is unused and will be removed from module core.
WARNING: [Synth 8-3332] Sequential element (hex_digits_reg[3][8]) is unused and will be removed from module core.
WARNING: [Synth 8-3332] Sequential element (hex_digits_reg[2][8]) is unused and will be removed from module core.
WARNING: [Synth 8-3332] Sequential element (hex_digits_reg[1][8]) is unused and will be removed from module core.
WARNING: [Synth 8-3332] Sequential element (hex_digits_reg[0][8]) is unused and will be removed from module core.
WARNING: [Synth 8-3332] Sequential element (hex_digits_reg[15][7]) is unused and will be removed from module core.
WARNING: [Synth 8-3332] Sequential element (hex_digits_reg[14][7]) is unused and will be removed from module core.
WARNING: [Synth 8-3332] Sequential element (hex_digits_reg[13][7]) is unused and will be removed from module core.
WARNING: [Synth 8-3332] Sequential element (hex_digits_reg[12][7]) is unused and will be removed from module core.
WARNING: [Synth 8-3332] Sequential element (hex_digits_reg[11][7]) is unused and will be removed from module core.
WARNING: [Synth 8-3332] Sequential element (hex_digits_reg[10][7]) is unused and will be removed from module core.
WARNING: [Synth 8-3332] Sequential element (hex_digits_reg[9][7]) is unused and will be removed from module core.
WARNING: [Synth 8-3332] Sequential element (hex_digits_reg[8][7]) is unused and will be removed from module core.
WARNING: [Synth 8-3332] Sequential element (hex_digits_reg[7][7]) is unused and will be removed from module core.
WARNING: [Synth 8-3332] Sequential element (hex_digits_reg[6][7]) is unused and will be removed from module core.
WARNING: [Synth 8-3332] Sequential element (hex_digits_reg[5][7]) is unused and will be removed from module core.
WARNING: [Synth 8-3332] Sequential element (hex_digits_reg[4][7]) is unused and will be removed from module core.
WARNING: [Synth 8-3332] Sequential element (hex_digits_reg[3][7]) is unused and will be removed from module core.
WARNING: [Synth 8-3332] Sequential element (hex_digits_reg[2][7]) is unused and will be removed from module core.
WARNING: [Synth 8-3332] Sequential element (hex_digits_reg[1][7]) is unused and will be removed from module core.
WARNING: [Synth 8-3332] Sequential element (hex_digits_reg[0][7]) is unused and will be removed from module core.
WARNING: [Synth 8-3332] Sequential element (hex_digits_reg[0][1]) is unused and will be removed from module core.
WARNING: [Synth 8-3332] Sequential element (hex_digits_reg[15][6]) is unused and will be removed from module core.
WARNING: [Synth 8-3332] Sequential element (hex_digits_reg[14][6]) is unused and will be removed from module core.
WARNING: [Synth 8-3332] Sequential element (hex_digits_reg[13][6]) is unused and will be removed from module core.
WARNING: [Synth 8-3332] Sequential element (hex_digits_reg[12][6]) is unused and will be removed from module core.
WARNING: [Synth 8-3332] Sequential element (hex_digits_reg[11][6]) is unused and will be removed from module core.
WARNING: [Synth 8-3332] Sequential element (hex_digits_reg[10][6]) is unused and will be removed from module core.
WARNING: [Synth 8-3332] Sequential element (hex_digits_reg[9][6]) is unused and will be removed from module core.
WARNING: [Synth 8-3332] Sequential element (hex_digits_reg[8][6]) is unused and will be removed from module core.
INFO: [Common 17-14] Message 'Synth 8-3332' appears 100 times and further instances of the messages will be disabled. Use the Tcl command set_msg_config to change the current settings.
---------------------------------------------------------------------------------
Finished Area Optimization : Time (s): cpu = 00:00:23 ; elapsed = 00:01:06 . Memory (MB): peak = 673.980 ; gain = 464.551
---------------------------------------------------------------------------------
Finished Parallel Area Optimization  : Time (s): cpu = 00:00:23 ; elapsed = 00:01:06 . Memory (MB): peak = 673.980 ; gain = 464.551

Report RTL Partitions: 
+-+--------------+------------+----------+
| |RTL Partition |Replication |Instances |
+-+--------------+------------+----------+
+-+--------------+------------+----------+
---------------------------------------------------------------------------------
Start Timing Optimization
---------------------------------------------------------------------------------
---------------------------------------------------------------------------------
Start Applying XDC Timing Constraints
---------------------------------------------------------------------------------
---------------------------------------------------------------------------------
Finished Applying XDC Timing Constraints : Time (s): cpu = 00:00:31 ; elapsed = 00:01:14 . Memory (MB): peak = 690.227 ; gain = 480.797
---------------------------------------------------------------------------------
---------------------------------------------------------------------------------
Finished Timing Optimization : Time (s): cpu = 00:00:37 ; elapsed = 00:01:20 . Memory (MB): peak = 767.152 ; gain = 557.723
---------------------------------------------------------------------------------

Report RTL Partitions: 
+-+--------------+------------+----------+
| |RTL Partition |Replication |Instances |
+-+--------------+------------+----------+
+-+--------------+------------+----------+
---------------------------------------------------------------------------------
Start Technology Mapping
---------------------------------------------------------------------------------
INFO: [Synth 8-4480] The timing for the instance my_mem_controller/MEM/sys_RAM_reg_0 (implemented as a block RAM) might be sub-optimal as no optional output register could be merged into the block ram. Providing additional output register may help in improving timing.
INFO: [Synth 8-4480] The timing for the instance my_mem_controller/MEM/sys_RAM_reg_1 (implemented as a block RAM) might be sub-optimal as no optional output register could be merged into the block ram. Providing additional output register may help in improving timing.
INFO: [Synth 8-4480] The timing for the instance my_mem_controller/ROM/sys_RAM_reg_1_0 (implemented as a block RAM) might be sub-optimal as no optional output register could be merged into the block ram. Providing additional output register may help in improving timing.
INFO: [Synth 8-4480] The timing for the instance my_mem_controller/ROM/sys_RAM_reg_1_1 (implemented as a block RAM) might be sub-optimal as no optional output register could be merged into the block ram. Providing additional output register may help in improving timing.
INFO: [Synth 8-4480] The timing for the instance my_mem_controller/ROM/sys_RAM_reg_1_2 (implemented as a block RAM) might be sub-optimal as no optional output register could be merged into the block ram. Providing additional output register may help in improving timing.
INFO: [Synth 8-4480] The timing for the instance my_mem_controller/ROM/sys_RAM_reg_1_3 (implemented as a block RAM) might be sub-optimal as no optional output register could be merged into the block ram. Providing additional output register may help in improving timing.
INFO: [Synth 8-4480] The timing for the instance my_mem_controller/ROM/sys_RAM_reg_1_4 (implemented as a block RAM) might be sub-optimal as no optional output register could be merged into the block ram. Providing additional output register may help in improving timing.
INFO: [Synth 8-4480] The timing for the instance my_mem_controller/ROM/sys_RAM_reg_1_5 (implemented as a block RAM) might be sub-optimal as no optional output register could be merged into the block ram. Providing additional output register may help in improving timing.
INFO: [Synth 8-4480] The timing for the instance my_mem_controller/ROM/sys_RAM_reg_1_6 (implemented as a block RAM) might be sub-optimal as no optional output register could be merged into the block ram. Providing additional output register may help in improving timing.
INFO: [Synth 8-4480] The timing for the instance my_mem_controller/ROM/sys_RAM_reg_1_7 (implemented as a block RAM) might be sub-optimal as no optional output register could be merged into the block ram. Providing additional output register may help in improving timing.
---------------------------------------------------------------------------------
Finished Technology Mapping : Time (s): cpu = 00:00:38 ; elapsed = 00:01:21 . Memory (MB): peak = 767.152 ; gain = 557.723
---------------------------------------------------------------------------------
Finished Parallel Technology Mapping Optimization  : Time (s): cpu = 00:00:38 ; elapsed = 00:01:21 . Memory (MB): peak = 767.152 ; gain = 557.723

Report RTL Partitions: 
+-+--------------+------------+----------+
| |RTL Partition |Replication |Instances |
+-+--------------+------------+----------+
+-+--------------+------------+----------+
Finished Parallel Synthesis Optimization  : Time (s): cpu = 00:00:38 ; elapsed = 00:01:21 . Memory (MB): peak = 767.152 ; gain = 557.723
---------------------------------------------------------------------------------
Start IO Insertion
---------------------------------------------------------------------------------
---------------------------------------------------------------------------------
Start Flattening Before IO Insertion
---------------------------------------------------------------------------------
---------------------------------------------------------------------------------
Finished Flattening Before IO Insertion
---------------------------------------------------------------------------------
---------------------------------------------------------------------------------
Start Final Netlist Cleanup
---------------------------------------------------------------------------------
---------------------------------------------------------------------------------
Finished Final Netlist Cleanup
---------------------------------------------------------------------------------
---------------------------------------------------------------------------------
Finished IO Insertion : Time (s): cpu = 00:00:39 ; elapsed = 00:01:21 . Memory (MB): peak = 767.152 ; gain = 557.723
---------------------------------------------------------------------------------

Report Check Netlist: 
+------+------------------+-------+---------+-------+------------------+
|      |Item              |Errors |Warnings |Status |Description       |
+------+------------------+-------+---------+-------+------------------+
|1     |multi_driven_nets |      0|        0|Passed |Multi driven nets |
+------+------------------+-------+---------+-------+------------------+
---------------------------------------------------------------------------------
Start Renaming Generated Instances
---------------------------------------------------------------------------------
---------------------------------------------------------------------------------
Finished Renaming Generated Instances : Time (s): cpu = 00:00:39 ; elapsed = 00:01:21 . Memory (MB): peak = 767.152 ; gain = 557.723
---------------------------------------------------------------------------------

Report RTL Partitions: 
+-+--------------+------------+----------+
| |RTL Partition |Replication |Instances |
+-+--------------+------------+----------+
+-+--------------+------------+----------+
---------------------------------------------------------------------------------
Start Rebuilding User Hierarchy
---------------------------------------------------------------------------------
---------------------------------------------------------------------------------
Finished Rebuilding User Hierarchy : Time (s): cpu = 00:00:39 ; elapsed = 00:01:22 . Memory (MB): peak = 767.152 ; gain = 557.723
---------------------------------------------------------------------------------
---------------------------------------------------------------------------------
Start Renaming Generated Ports
---------------------------------------------------------------------------------
---------------------------------------------------------------------------------
Finished Renaming Generated Ports : Time (s): cpu = 00:00:39 ; elapsed = 00:01:22 . Memory (MB): peak = 767.152 ; gain = 557.723
---------------------------------------------------------------------------------
---------------------------------------------------------------------------------
Start Handling Custom Attributes
---------------------------------------------------------------------------------
---------------------------------------------------------------------------------
Finished Handling Custom Attributes : Time (s): cpu = 00:00:39 ; elapsed = 00:01:22 . Memory (MB): peak = 767.152 ; gain = 557.723
---------------------------------------------------------------------------------
---------------------------------------------------------------------------------
Start Renaming Generated Nets
---------------------------------------------------------------------------------
---------------------------------------------------------------------------------
Finished Renaming Generated Nets : Time (s): cpu = 00:00:39 ; elapsed = 00:01:22 . Memory (MB): peak = 767.152 ; gain = 557.723
---------------------------------------------------------------------------------
---------------------------------------------------------------------------------
Start Writing Synthesis Report
---------------------------------------------------------------------------------

Report BlackBoxes: 
+-+--------------+----------+
| |BlackBox name |Instances |
+-+--------------+----------+
+-+--------------+----------+

Report Cell Usage: 
+------+------------+------+
|      |Cell        |Count |
+------+------------+------+
|1     |BUFG        |     1|
|2     |CARRY4      |    62|
|3     |LUT1        |   156|
|4     |LUT2        |   198|
|5     |LUT3        |   105|
|6     |LUT4        |   109|
|7     |LUT5        |   176|
|8     |LUT6        |   489|
|9     |MUXF7       |    20|
|10    |MUXF8       |     7|
|11    |RAM32M      |     2|
|12    |RAMB36E1    |     1|
|13    |RAMB36E1_1  |     1|
|14    |RAMB36E1_10 |     1|
|15    |RAMB36E1_2  |     1|
|16    |RAMB36E1_3  |     8|
|17    |RAMB36E1_4  |     1|
|18    |RAMB36E1_5  |     1|
|19    |RAMB36E1_6  |     1|
|20    |RAMB36E1_7  |     1|
|21    |RAMB36E1_8  |     1|
|22    |RAMB36E1_9  |     1|
|23    |FDCE        |    74|
|24    |FDPE        |    18|
|25    |FDRE        |   464|
|26    |FDSE        |    12|
|27    |LDC         |    16|
|28    |IBUF        |    22|
|29    |OBUF        |    13|
+------+------------+------+

Report Instance Areas: 
+------+--------------------+---------------+------+
|      |Instance            |Module         |Cells |
+------+--------------------+---------------+------+
|1     |top                 |               |  1962|
|2     |  my_core           |core           |  1458|
|3     |  my_mem_controller |mem_controller |   317|
|4     |    MEM             |mem_mod        |    10|
|5     |    ROM             |game_rom       |    16|
|6     |  my_time_keeper    |time_keeper    |   151|
+------+--------------------+---------------+------+
---------------------------------------------------------------------------------
Finished Writing Synthesis Report : Time (s): cpu = 00:00:39 ; elapsed = 00:01:22 . Memory (MB): peak = 767.152 ; gain = 557.723
---------------------------------------------------------------------------------
Synthesis finished with 0 errors, 0 critical warnings and 240 warnings.
Synthesis Optimization Runtime : Time (s): cpu = 00:00:29 ; elapsed = 00:00:45 . Memory (MB): peak = 767.152 ; gain = 255.277
Synthesis Optimization Complete : Time (s): cpu = 00:00:39 ; elapsed = 00:01:22 . Memory (MB): peak = 767.152 ; gain = 557.723
INFO: [Project 1-571] Translating synthesized netlist
INFO: [Netlist 29-17] Analyzing 120 Unisim elements for replacement
INFO: [Netlist 29-28] Unisim Transformation completed in 0 CPU seconds
INFO: [Project 1-570] Preparing netlist for logic optimization
INFO: [Opt 31-138] Pushed 0 inverter(s) to 0 load pin(s).
INFO: [Project 1-111] Unisim Transformation Summary:
  A total of 18 instances were transformed.
  LDC => LDCE: 16 instances
  RAM32M => RAM32M (RAMD32, RAMD32, RAMD32, RAMD32, RAMD32, RAMD32, RAMS32, RAMS32): 2 instances

INFO: [Common 17-83] Releasing license: Synthesis
279 Infos, 112 Warnings, 0 Critical Warnings and 0 Errors encountered.
synth_design completed successfully
synth_design: Time (s): cpu = 00:00:40 ; elapsed = 00:01:20 . Memory (MB): peak = 767.152 ; gain = 552.539
report_utilization: Time (s): cpu = 00:00:00 ; elapsed = 00:00:00.031 . Memory (MB): peak = 767.152 ; gain = 0.000
INFO: [Common 17-206] Exiting Vivado at Mon Apr 24 21:04:41 2017...
