INFO: [VRFC 10-2263] Analyzing Verilog file "H:/EECS_443_project/C8VHDL/Chip8_cur_BAK/chip8/chip8.sim/sim_1/synth/func/chip_8_TB_A_func_synth.v" into library xil_defaultlib
INFO: [VRFC 10-311] analyzing module chip_8A_board
INFO: [VRFC 10-311] analyzing module core
INFO: [VRFC 10-311] analyzing module game_rom
INFO: [VRFC 10-311] analyzing module mem_controller
INFO: [VRFC 10-311] analyzing module mem_mod
INFO: [VRFC 10-311] analyzing module time_keeper
INFO: [VRFC 10-311] analyzing module glbl
INFO: [VRFC 10-163] Analyzing VHDL file "H:/EECS_443_project/C8VHDL/Chip8_cur_BAK/chip8/chip8.srcs/sources_1/new/game_rom.vhd" into library xil_defaultlib
INFO: [VRFC 10-307] analyzing entity game_rom
INFO: [VRFC 10-163] Analyzing VHDL file "H:/EECS_443_project/C8VHDL/Chip8_cur_BAK/chip8/chip8.srcs/sources_1/new/mem_mod.vhd" into library xil_defaultlib
INFO: [VRFC 10-307] analyzing entity mem_mod
INFO: [VRFC 10-163] Analyzing VHDL file "H:/EECS_443_project/C8VHDL/Chip8_cur_BAK/chip8/chip8.srcs/sources_1/new/vga_controller.vhd" into library xil_defaultlib
INFO: [VRFC 10-307] analyzing entity vga_controller
INFO: [VRFC 10-163] Analyzing VHDL file "H:/EECS_443_project/C8VHDL/Chip8_cur_BAK/chip8/chip8.srcs/sources_1/new/time_keeper.vhd" into library xil_defaultlib
INFO: [VRFC 10-307] analyzing entity time_keeper
INFO: [VRFC 10-163] Analyzing VHDL file "H:/EECS_443_project/C8VHDL/Chip8_cur_BAK/chip8/chip8.srcs/sources_1/new/core.vhd" into library xil_defaultlib
INFO: [VRFC 10-307] analyzing entity core
INFO: [VRFC 10-163] Analyzing VHDL file "H:/EECS_443_project/C8VHDL/Chip8_cur_BAK/chip8/chip8.srcs/sources_1/new/mem_controller.vhd" into library xil_defaultlib
INFO: [VRFC 10-307] analyzing entity mem_controller
INFO: [VRFC 10-163] Analyzing VHDL file "H:/EECS_443_project/C8VHDL/Chip8_cur_BAK/chip8/chip8.srcs/sources_1/new/chip_8A.vhd" into library xil_defaultlib
INFO: [VRFC 10-307] analyzing entity chip_8A
INFO: [VRFC 10-163] Analyzing VHDL file "H:/EECS_443_project/C8VHDL/Chip8_cur_BAK/chip8/chip8.srcs/sim_1/new/chip_8_TB_A.vhd" into library xil_defaultlib
INFO: [VRFC 10-307] analyzing entity chip_8_TB_A
