Unable to capture context for thread 8588 in process 12152, can not generate back trace
Exception at PC 0x00007FFDE3347788
Exception at PC 0x00007FFD751BBB93
Printing stacktrace...

Exception at PC 0x00007FFDE3347788
Exception at PC 0x00007FFDE3347788
Exception at PC 0x00007FFDE3347788
Exception at PC 0x00007FFDE3347788
Exception at PC 0x00007FFDE3347788
Exception at PC 0x00007FFDE3347788
Exception at PC 0x00007FFDE3347788
Exception at PC 0x00007FFDE3347788
Exception at PC 0x00007FFDE3347788
Exception at PC 0x00007FFDE3347788
Exception at PC 0x00007FFDE3347788
Exception at PC 0x00007FFDE3347788
[0]  [0x00007FFD751BBB93]
[1]  [0x00007FFD751BBB93]
[2]  [0x00007FFD751BB4A1]
[3]  [0x00007FFD751BB3EF]
[4]  [0x00007FFD751A19FE]
[5]  [0x00007FFD751A0ED1]
[6]  [0x00007FFD751A0D76]
[7]  [0x00007FFD751479F6]
[8]  [0x00007FFD75137AFB]
[9]  [0x00007FFD7525E90A]
[10]  [0x00007FFD75279F87]
[11]  [0x00007FFD7527A05F]
[12] (BaseThreadInitThunk+0x14) [0x00007FFDE5E48364]
[13] (RtlUserThreadStart+0x21) [0x00007FFDE62170D1]
Done
Exception at PC 0x00007FFDE3347788
Exception at PC 0x00007FFDE3347788
Exception at PC 0x00007FFDE3347788
Exception at PC 0x00007FFDE3347788
