Unable to capture context for thread 11436 in process 4420, can not generate back trace
Unable to capture context for thread 1724 in process 4420, can not generate back trace
Exception at PC 0x00007FFD1447BB93
Printing stacktrace...

Unable to capture context for thread 10012 in process 4420, can not generate back trace
Exception at PC 0x00007FFD50C27788
Exception at PC 0x00007FFD50C27788
Exception at PC 0x00007FFD50C27788
Exception at PC 0x00007FFD50C27788
Exception at PC 0x00007FFD50C27788
Exception at PC 0x00007FFD50C27788
Exception at PC 0x00007FFD50C27788
Exception at PC 0x00007FFD50C27788
Exception at PC 0x00007FFD50C27788
Exception at PC 0x00007FFD50C27788
Exception at PC 0x00007FFD50C27788
Exception at PC 0x00007FFD50C27788
Exception at PC 0x00007FFD50C27788
Exception at PC 0x00007FFD50C27788
Exception at PC 0x00007FFD50C27788
Exception at PC 0x00007FFD50C27788
Exception at PC 0x00007FFD50C27788
[0]  [0x00007FFD1447BB93]
[1]  [0x00007FFD1447BB93]
[2]  [0x00007FFD1447B4A1]
[3]  [0x00007FFD1447B3EF]
[4]  [0x00007FFD144619FE]
[5]  [0x00007FFD14460ED1]
[6]  [0x00007FFD14460D76]
[7]  [0x00007FFD144079F6]
[8]  [0x00007FFD143F7AFB]
[9]  [0x00007FFD1451E90A]
[10]  [0x00007FFD14539F87]
[11]  [0x00007FFD1453A05F]
[12] (BaseThreadInitThunk+0x14) [0x00007FFD53258364]
[13] (RtlUserThreadStart+0x21) [0x00007FFD539070D1]
Done
